[debug] [2021-06-18T01:36:14.658Z] ----------------------------------------------------------------------
[debug] [2021-06-18T01:36:14.674Z] Command:       C:\Program Files\nodejs\node.exe C:\Users\Mike\AppData\Roaming\npm\node_modules\firebase-tools\lib\bin\firebase.js init
[debug] [2021-06-18T01:36:14.674Z] CLI Version:   9.13.1
[debug] [2021-06-18T01:36:14.674Z] Platform:      win32
[debug] [2021-06-18T01:36:14.674Z] Node Version:  v14.17.1
[debug] [2021-06-18T01:36:14.674Z] Time:          Thu Jun 17 2021 20:36:14 GMT-0500 (hora de verano central)
[debug] [2021-06-18T01:36:14.689Z] ----------------------------------------------------------------------
[debug] 
[debug] [2021-06-18T01:36:14.752Z] > command requires scopes: ["email","openid","https://www.googleapis.com/auth/cloudplatformprojects.readonly","https://www.googleapis.com/auth/firebase","https://www.googleapis.com/auth/cloud-platform"]
[debug] [2021-06-18T01:36:14.752Z] > authorizing via signed-in user (leorodrijuan@gmail.com)
[info] 
     ######## #### ########  ######## ########     ###     ######  ########
     ##        ##  ##     ## ##       ##     ##  ##   ##  ##       ##
     ######    ##  ########  ######   ########  #########  ######  ######
     ##        ##  ##    ##  ##       ##     ## ##     ##       ## ##
     ##       #### ##     ## ######## ########  ##     ##  ######  ########

You're about to initialize a Firebase project in this directory:

  C:\Users\Mike\Desktop\pagina web 2

[info] 
=== Project Setup
[info] 
[info] First, let's associate this project directory with a Firebase project.
[info] You can create multiple project aliases by running firebase use --add, 
[info] but for now we'll just set up a default project.
[info] 
[debug] [2021-06-18T01:40:55.811Z] > refreshing access token with scopes: []
[debug] [2021-06-18T01:40:55.827Z] >>> HTTP REQUEST POST https://www.googleapis.com/oauth2/v3/token  
 <request body omitted>
[debug] [2021-06-18T01:40:56.202Z] <<< HTTP RESPONSE 200 {"cache-control":"no-cache, no-store, max-age=0, must-revalidate","pragma":"no-cache","date":"Mon, 21 Jun 2021 00:53:39 GMT","expires":"Mon, 01 Jan 1990 00:00:00 GMT","content-type":"application/json; charset=utf-8","vary":"X-Origin, Referer, Origin,Accept-Encoding","server":"scaffolding on HTTPServer2","x-xss-protection":"0","x-frame-options":"SAMEORIGIN","x-content-type-options":"nosniff","alt-svc":"h3=\":443\"; ma=2592000,h3-29=\":443\"; ma=2592000,h3-T051=\":443\"; ma=2592000,h3-Q050=\":443\"; ma=2592000,h3-Q046=\":443\"; ma=2592000,h3-Q043=\":443\"; ma=2592000,quic=\":443\"; ma=2592000; v=\"46,43\"","accept-ranges":"none","transfer-encoding":"chunked"}
[debug] [2021-06-18T01:40:56.483Z] >>> [apiv2][query] GET https://firebase.googleapis.com/v1beta1/projects pageSize=100
[debug] [2021-06-18T01:40:56.952Z] <<< [apiv2][status] GET https://firebase.googleapis.com/v1beta1/projects 200
[debug] [2021-06-18T01:40:56.952Z] <<< [apiv2][body] GET https://firebase.googleapis.com/v1beta1/projects [omitted]
[info] i  Using project paginawebrodriguez2iv3 (paginawebrodriguez2iv3) 
[info] 
=== Hosting Setup
[info] 
[info] Your public directory is the folder (relative to your project directory) that
[info] will contain Hosting assets to be uploaded with firebase deploy. If you
[info] have a build process for your assets, use your build's output directory.
[info] 
[debug] [2021-06-18T01:42:07.708Z] >>> [apiv2][query] GET https://www.gstatic.com/firebasejs/releases.json [none]
[debug] [2021-06-18T01:42:08.875Z] <<< [apiv2][status] GET https://www.gstatic.com/firebasejs/releases.json 200
[debug] [2021-06-18T01:42:08.890Z] <<< [apiv2][body] GET https://www.gstatic.com/firebasejs/releases.json {"current":{"version":"8.6.8","browserURL":"https://www.gstatic.com/firebasejs/8.6.8/firebase.js","packageURL":"https://www.gstatic.com/firebasejs/8.6.8/firebase.tgz"},"live":{"version":"8.6","browserURL":"https://www.gstatic.com/firebasejs/live/8.6/firebase.js","packageURL":"https://www.gstatic.com/firebasejs/live/8.6/firebase.tgz"},"components":{"analytics":"https://www.gstatic.com/firebasejs/8.6.8/firebase-analytics.js","app":"https://www.gstatic.com/firebasejs/8.6.8/firebase-app.js","app-check":"https://www.gstatic.com/firebasejs/8.6.8/firebase-app-check.js","auth":"https://www.gstatic.com/firebasejs/8.6.8/firebase-auth.js","database":"https://www.gstatic.com/firebasejs/8.6.8/firebase-database.js","firestore":"https://www.gstatic.com/firebasejs/8.6.8/firebase-firestore.js","functions":"https://www.gstatic.com/firebasejs/8.6.8/firebase-functions.js","installations":"https://www.gstatic.com/firebasejs/8.6.8/firebase-installations.js","messaging":"https://www.gstatic.com/firebasejs/8.6.8/firebase-messaging.js","storage":"https://www.gstatic.com/firebasejs/8.6.8/firebase-storage.js","performance":"https://www.gstatic.com/firebasejs/8.6.8/firebase-performance.js","remote-config":"https://www.gstatic.com/firebasejs/8.6.8/firebase-remote-config.js","firestore.memory":"https://www.gstatic.com/firebasejs/8.6.8/firebase-firestore.memory.js"}}
[info] +  Wrote public/index.html 
[info] 
[info] i  Didn't detect a .git folder. Assuming C:\Users\Mike\Desktop\pagina web 2 is the project root. 
[info] i  Authorizing with GitHub to upload your service account to a GitHub repository's secrets store. 
[info] 
[info] Visit this URL on this device to log in:
[info] https://github.com/login/oauth/authorize?client_id=89cf50f02ac6aaed3484&state=201879225&redirect_uri=http%3A%2F%2Flocalhost%3A9005&scope=read%3Auser%20repo%20public_repo
[info] 
[info] Waiting for authentication...
[debug] [2021-06-18T01:43:22.579Z] >>> HTTP REQUEST POST https://github.com/login/oauth/access_token  
 {"client_id":"89cf50f02ac6aaed3484","client_secret":"3330d14abc895d9a74d5f17cd7a00711fa2c5bf0","code":"faf6eb984cc8f621d5fe","redirect_uri":"http://localhost:9005","state":"201879225"}
[debug] [2021-06-18T01:43:23.107Z] <<< HTTP RESPONSE 200 {"server":"GitHub.com","date":"Mon, 21 Jun 2021 00:56:06 GMT","content-type":"application/json; charset=utf-8","transfer-encoding":"chunked","vary":"X-PJAX, Accept-Encoding, Accept, X-Requested-With","permissions-policy":"interest-cohort=()","etag":"W/\"e2361793ad600e5ea33857162696fb8c\"","cache-control":"max-age=0, private, must-revalidate","strict-transport-security":"max-age=31536000; includeSubdomains; preload","x-frame-options":"deny","x-content-type-options":"nosniff","x-xss-protection":"0","referrer-policy":"origin-when-cross-origin, strict-origin-when-cross-origin","expect-ct":"max-age=2592000, report-uri=\"https://api.github.com/_private/browser/errors\"","content-security-policy":"default-src 'none'; base-uri 'self'; block-all-mixed-content; connect-src 'self' uploads.github.com www.githubstatus.com collector.githubapp.com api.github.com github-cloud.s3.amazonaws.com github-production-repository-file-5c1aeb.s3.amazonaws.com github-production-upload-manifest-file-7fdce7.s3.amazonaws.com github-production-user-asset-6210df.s3.amazonaws.com cdn.optimizely.com logx.optimizely.com/v1/events translator.github.com wss://alive.github.com; font-src github.githubassets.com; form-action 'self' github.com gist.github.com; frame-ancestors 'none'; frame-src render.githubusercontent.com; img-src 'self' data: github.githubassets.com identicons.github.com collector.githubapp.com github-cloud.s3.amazonaws.com secured-user-images.githubusercontent.com/ *.githubusercontent.com; manifest-src 'self'; media-src 'none'; script-src github.githubassets.com; style-src 'unsafe-inline' github.githubassets.com; worker-src github.com/socket-worker-3f088aa2.js gist.github.com/socket-worker-3f088aa2.js","x-github-request-id":"DA46:4EC7:3940343:4DB836C:60CFE3A6"}
[debug] [2021-06-18T01:43:23.950Z] >>> [apiv2][query] GET https://api.github.com/user [none]
[debug] [2021-06-18T01:43:24.505Z] <<< [apiv2][status] GET https://api.github.com/user 200
[debug] [2021-06-18T01:43:24.507Z] <<< [apiv2][body] GET https://api.github.com/user {"login":"MercurioRS39","id":86210178,"node_id":"MDQ6VXNlcjg2MjEwMTc4","avatar_url":"https://avatars.githubusercontent.com/u/86210178?v=4","gravatar_id":"","url":"https://api.github.com/users/MercurioRS39","html_url":"https://github.com/MercurioRS39","followers_url":"https://api.github.com/users/MercurioRS39/followers","following_url":"https://api.github.com/users/MercurioRS39/following{/other_user}","gists_url":"https://api.github.com/users/MercurioRS39/gists{/gist_id}","starred_url":"https://api.github.com/users/MercurioRS39/starred{/owner}{/repo}","subscriptions_url":"https://api.github.com/users/MercurioRS39/subscriptions","organizations_url":"https://api.github.com/users/MercurioRS39/orgs","repos_url":"https://api.github.com/users/MercurioRS39/repos","events_url":"https://api.github.com/users/MercurioRS39/events{/privacy}","received_events_url":"https://api.github.com/users/MercurioRS39/received_events","type":"User","site_admin":false,"name":null,"company":null,"blog":"","location":null,"email":null,"hireable":null,"bio":null,"twitter_username":null,"public_repos":0,"public_gists":0,"followers":0,"following":0,"created_at":"2021-06-20T23:27:49Z","updated_at":"2021-06-21T00:55:43Z","private_gists":0,"total_private_repos":0,"owned_private_repos":0,"disk_usage":0,"collaborators":0,"two_factor_authentication":false,"plan":{"name":"free","space":976562499,"collaborators":0,"private_repos":10000}}
[info] 
[info] +  Success! Logged into GitHub as MercurioRS39 
[info] 
[debug] [2021-06-18T01:46:19.804Z] >>> [apiv2][query] GET https://api.github.com/repos/C:\Users\Mike\Desktop\pagina web 2/actions/secrets/public-key type=owner
[debug] [2021-06-18T01:46:20.304Z] <<< [apiv2][status] GET https://api.github.com/repos/C:\Users\Mike\Desktop\pagina web 2/actions/secrets/public-key 404
[debug] [2021-06-18T01:46:20.319Z] <<< [apiv2][body] GET https://api.github.com/repos/C:\Users\Mike\Desktop\pagina web 2/actions/secrets/public-key {"message":"Not Found","documentation_url":"https://docs.github.com/rest"}
[debug] [2021-06-18T01:46:38.656Z] >>> [apiv2][query] GET https://api.github.com/repos/cd Desktop/actions/secrets/public-key type=owner
[debug] [2021-06-18T01:46:39.083Z] <<< [apiv2][status] GET https://api.github.com/repos/cd Desktop/actions/secrets/public-key 404
[debug] [2021-06-18T01:46:39.083Z] <<< [apiv2][body] GET https://api.github.com/repos/cd Desktop/actions/secrets/public-key {"message":"Not Found","documentation_url":"https://docs.github.com/rest"}
[debug] [2021-06-18T01:54:37.021Z] >>> [apiv2][query] GET https://api.github.com/repos/https://github.com/MercurioRS39/paginarodriguezs.git/actions/secrets/public-key type=owner
[debug] [2021-06-18T01:54:37.443Z] <<< [apiv2][status] GET https://api.github.com/repos/https://github.com/MercurioRS39/paginarodriguezs.git/actions/secrets/public-key 404
[debug] [2021-06-18T01:54:37.443Z] <<< [apiv2][body] GET https://api.github.com/repos/https://github.com/MercurioRS39/paginarodriguezs.git/actions/secrets/public-key {"message":"Not Found","documentation_url":"https://docs.github.com/rest"}
[debug] [2021-06-18T01:55:10.434Z] >>> [apiv2][query] GET https://api.github.com/repos/git remote add origin https://github.com/MercurioRS39/paginarodriguezs.git/actions/secrets/public-key type=owner
[debug] [2021-06-18T01:55:10.447Z] >>> [apiv2][query] GET https://api.github.com/repos/git branch -M main/actions/secrets/public-key type=owner
[debug] [2021-06-18T01:55:10.812Z] <<< [apiv2][status] GET https://api.github.com/repos/git remote add origin https://github.com/MercurioRS39/paginarodriguezs.git/actions/secrets/public-key 404
[debug] [2021-06-18T01:55:10.813Z] <<< [apiv2][body] GET https://api.github.com/repos/git remote add origin https://github.com/MercurioRS39/paginarodriguezs.git/actions/secrets/public-key {"message":"Not Found","documentation_url":"https://docs.github.com/rest"}
[debug] [2021-06-18T01:55:10.862Z] <<< [apiv2][status] GET https://api.github.com/repos/git branch -M main/actions/secrets/public-key 404
[debug] [2021-06-18T01:55:10.867Z] <<< [apiv2][body] GET https://api.github.com/repos/git branch -M main/actions/secrets/public-key {"message":"Not Found","documentation_url":"https://docs.github.com/rest"}
[debug] [2021-06-18T01:55:14.975Z] >>> [apiv2][query] GET https://api.github.com/repos/git push -u origin main/actions/secrets/public-key type=owner
[debug] [2021-06-18T01:55:15.401Z] <<< [apiv2][status] GET https://api.github.com/repos/git push -u origin main/actions/secrets/public-key 404
[debug] [2021-06-18T01:55:15.417Z] <<< [apiv2][body] GET https://api.github.com/repos/git push -u origin main/actions/secrets/public-key {"message":"Not Found","documentation_url":"https://docs.github.com/rest"}
[debug] [2021-06-18T01:55:38.890Z] >>> [apiv2][query] GET https://api.github.com/repos/echo "# paginarodriguezs" >> README.md/actions/secrets/public-key type=owner
[debug] [2021-06-18T01:55:38.890Z] >>> [apiv2][query] GET https://api.github.com/repos/git init/actions/secrets/public-key type=owner
[debug] [2021-06-18T01:55:38.906Z] >>> [apiv2][query] GET https://api.github.com/repos/git add README.md/actions/secrets/public-key type=owner
[debug] [2021-06-18T01:55:38.906Z] >>> [apiv2][query] GET https://api.github.com/repos/git commit -m "first commit"/actions/secrets/public-key type=owner
[debug] [2021-06-18T01:55:38.922Z] >>> [apiv2][query] GET https://api.github.com/repos/git branch -M main/actions/secrets/public-key type=owner
[debug] [2021-06-18T01:55:38.922Z] >>> [apiv2][query] GET https://api.github.com/repos/git remote add origin https://github.com/MercurioRS39/paginarodriguezs.git/actions/secrets/public-key type=owner
[debug] [2021-06-18T01:55:38.937Z] >>> [apiv2][query] GET https://api.github.com/repos/git push -u origin main/actions/secrets/public-key type=owner
[debug] [2021-06-18T01:55:39.268Z] <<< [apiv2][status] GET https://api.github.com/repos/git commit -m "first commit"/actions/secrets/public-key 404
[debug] [2021-06-18T01:55:39.268Z] <<< [apiv2][body] GET https://api.github.com/repos/git commit -m "first commit"/actions/secrets/public-key {"message":"Not Found","documentation_url":"https://docs.github.com/rest"}
[debug] [2021-06-18T01:55:39.284Z] <<< [apiv2][status] GET https://api.github.com/repos/git add README.md/actions/secrets/public-key 404
[debug] [2021-06-18T01:55:39.284Z] <<< [apiv2][body] GET https://api.github.com/repos/git add README.md/actions/secrets/public-key {"message":"Not Found","documentation_url":"https://docs.github.com/rest"}
[debug] [2021-06-18T01:55:39.315Z] <<< [apiv2][status] GET https://api.github.com/repos/echo "# paginarodriguezs" >> README.md/actions/secrets/public-key 404
[debug] [2021-06-18T01:55:39.315Z] <<< [apiv2][body] GET https://api.github.com/repos/echo "# paginarodriguezs" >> README.md/actions/secrets/public-key {"message":"Not Found","documentation_url":"https://docs.github.com/rest"}
[debug] [2021-06-18T01:55:39.346Z] <<< [apiv2][status] GET https://api.github.com/repos/git push -u origin main/actions/secrets/public-key 404
[debug] [2021-06-18T01:55:39.346Z] <<< [apiv2][body] GET https://api.github.com/repos/git push -u origin main/actions/secrets/public-key {"message":"Not Found","documentation_url":"https://docs.github.com/rest"}
[debug] [2021-06-18T01:55:39.362Z] <<< [apiv2][status] GET https://api.github.com/repos/git branch -M main/actions/secrets/public-key 404
[debug] [2021-06-18T01:55:39.362Z] <<< [apiv2][body] GET https://api.github.com/repos/git branch -M main/actions/secrets/public-key {"message":"Not Found","documentation_url":"https://docs.github.com/rest"}
[debug] [2021-06-18T01:55:39.393Z] <<< [apiv2][status] GET https://api.github.com/repos/git init/actions/secrets/public-key 404
[debug] [2021-06-18T01:55:39.393Z] <<< [apiv2][body] GET https://api.github.com/repos/git init/actions/secrets/public-key {"message":"Not Found","documentation_url":"https://docs.github.com/rest"}
[debug] [2021-06-18T01:55:39.409Z] <<< [apiv2][status] GET https://api.github.com/repos/git remote add origin https://github.com/MercurioRS39/paginarodriguezs.git/actions/secrets/public-key 404
[debug] [2021-06-18T01:55:39.409Z] <<< [apiv2][body] GET https://api.github.com/repos/git remote add origin https://github.com/MercurioRS39/paginarodriguezs.git/actions/secrets/public-key {"message":"Not Found","documentation_url":"https://docs.github.com/rest"}
